c:\users\dinhson.vu\source\repos\udemyc++\udemyc++\debug\vc142.pdb
c:\users\dinhson.vu\source\repos\udemyc++\udemyc++\debug\vc142.idb
c:\users\dinhson.vu\source\repos\udemyc++\udemyc++\debug\nested template classes.obj
c:\users\dinhson.vu\source\repos\udemyc++\udemyc++\debug\enhanced for loop.obj
c:\users\dinhson.vu\source\repos\udemyc++\udemyc++\debug\decltype,typeidandnamemangling.obj
c:\users\dinhson.vu\source\repos\udemyc++\udemyc++\debug\auto_keyword.obj
c:\users\dinhson.vu\source\repos\udemyc++\udemyc++\debug\aringbufferclass.obj
c:\users\dinhson.vu\source\repos\udemyc++\udemyc++\debug\vector_and_memory.obj
c:\users\dinhson.vu\source\repos\udemyc++\udemyc++\debug\vector.obj
c:\users\dinhson.vu\source\repos\udemyc++\udemyc++\debug\two-demensional vector.obj
c:\users\dinhson.vu\source\repos\udemyc++\udemyc++\debug\stlcomplex.obj
c:\users\dinhson.vu\source\repos\udemyc++\udemyc++\debug\printing-overloadingleftbitshift.obj
c:\users\dinhson.vu\source\repos\udemyc++\udemyc++\debug\overloading_the_assignment_operator.obj
c:\users\dinhson.vu\source\repos\udemyc++\udemyc++\debug\overloading_equalit_test.obj
c:\users\dinhson.vu\source\repos\udemyc++\udemyc++\debug\overloadingthedereferenceoperator.obj
c:\users\dinhson.vu\source\repos\udemyc++\udemyc++\debug\overloadingplus.obj
c:\users\dinhson.vu\source\repos\udemyc++\udemyc++\debug\complex.obj
c:\users\dinhson.vu\source\repos\udemyc++\udemyc++\debug\acomplexnumberclass.obj
c:\users\dinhson.vu\source\repos\udemyc++\debug\udemyc++.exe
c:\users\dinhson.vu\source\repos\udemyc++\udemyc++\debug\udemyc++.tlog\cl.command.1.tlog
c:\users\dinhson.vu\source\repos\udemyc++\udemyc++\debug\udemyc++.tlog\cl.read.1.tlog
c:\users\dinhson.vu\source\repos\udemyc++\udemyc++\debug\udemyc++.tlog\cl.write.1.tlog
c:\users\dinhson.vu\source\repos\udemyc++\udemyc++\debug\udemyc++.tlog\link.command.1.tlog
c:\users\dinhson.vu\source\repos\udemyc++\udemyc++\debug\udemyc++.tlog\link.read.1.tlog
c:\users\dinhson.vu\source\repos\udemyc++\udemyc++\debug\udemyc++.tlog\link.write.1.tlog
